[1.366s] DEBUG:colcon:Command line arguments: ['/usr/bin/colcon', 'build', '--base-paths', 'src/my_vins', '--cmake-args', '-DCMAKE_BUILD_TYPE=Debug']
[1.366s] DEBUG:colcon:Parsed command line arguments: Namespace(allow_overriding=[], ament_cmake_args=None, base_paths=['src/my_vins'], build_base='build', catkin_cmake_args=None, catkin_skip_building_tests=False, cmake_args=['-DCMAKE_BUILD_TYPE=Debug'], cmake_clean_cache=False, cmake_clean_first=False, cmake_force_configure=False, cmake_target=None, cmake_target_skip_unavailable=False, continue_on_error=False, event_handlers=None, executor='parallel', ignore_user_meta=False, install_base='install', log_base=None, log_level=None, main=<bound method BuildVerb.main of <colcon_core.verb.build.BuildVerb object at 0x7fe9685c9220>>, merge_install=False, metas=['./colcon.meta'], packages_above=None, packages_above_and_dependencies=None, packages_above_depth=None, packages_end=None, packages_ignore=None, packages_ignore_regex=None, packages_select=None, packages_select_build_failed=False, packages_select_by_dep=None, packages_select_regex=None, packages_select_test_failures=False, packages_skip=None, packages_skip_build_finished=False, packages_skip_by_dep=None, packages_skip_regex=None, packages_skip_test_passed=False, packages_skip_up_to=None, packages_start=None, packages_up_to=None, packages_up_to_regex=None, parallel_workers=12, paths=None, symlink_install=False, test_result_base=None, verb_extension=<colcon_core.verb.build.BuildVerb object at 0x7fe9685c9220>, verb_name='build', verb_parser=<colcon_defaults.argument_parser.defaults.DefaultArgumentsDecorator object at 0x7fe96810bf70>)
[1.425s] Level 1:colcon.colcon_core.package_discovery:discover_packages(colcon_meta) check parameters
[1.425s] Level 1:colcon.colcon_core.package_discovery:discover_packages(recursive) check parameters
[1.425s] Level 1:colcon.colcon_core.package_discovery:discover_packages(ignore) check parameters
[1.425s] Level 1:colcon.colcon_core.package_discovery:discover_packages(path) check parameters
[1.425s] Level 1:colcon.colcon_core.package_discovery:discover_packages(recursive) discover
[1.425s] INFO:colcon.colcon_core.package_discovery:Crawling recursively for packages in '/root/workspace/ros2/src/my_vins/src/my_vins'
[1.425s] Level 1:colcon.colcon_core.package_discovery:discover_packages(recursive) using defaults
[1.557s] Level 1:colcon.colcon_core.package_discovery:discover_packages(prefix_path) check parameters
[1.557s] Level 1:colcon.colcon_core.package_discovery:discover_packages(prefix_path) discover
[1.604s] DEBUG:colcon.colcon_installed_package_information.package_discovery:Found 16 installed packages in /root/workspace/ros2/install
[1.628s] DEBUG:colcon.colcon_installed_package_information.package_discovery:Found 279 installed packages in /opt/ros/rolling
[1.629s] Level 1:colcon.colcon_core.package_discovery:discover_packages(prefix_path) using defaults
[1.736s] INFO:colcon.colcon_core.executor:Executing jobs using 'parallel' executor
[1.760s] DEBUG:colcon.colcon_parallel_executor.executor.parallel:run_until_complete
[1.760s] DEBUG:colcon.colcon_parallel_executor.executor.parallel:closing loop
[1.760s] DEBUG:colcon.colcon_parallel_executor.executor.parallel:loop closed
[1.760s] DEBUG:colcon.colcon_parallel_executor.executor.parallel:run_until_complete finished with '0'
[1.760s] DEBUG:colcon.colcon_core.event_reactor:joining thread
[1.788s] INFO:colcon.colcon_core.plugin_system:Skipping extension 'colcon_notification.desktop_notification.notify_send': Could not find 'notify-send'
[1.788s] INFO:colcon.colcon_core.plugin_system:Skipping extension 'colcon_notification.desktop_notification.terminal_notifier': Not used on non-Darwin systems
[1.788s] INFO:colcon.colcon_core.plugin_system:Skipping extension 'colcon_notification.desktop_notification.win32': Not used on non-Windows systems
[1.788s] INFO:colcon.colcon_notification.desktop_notification:Sending desktop notification using 'notify2'
[1.791s] DEBUG:colcon.colcon_notification.desktop_notification.notify2:Failed to initialize notify2: org.freedesktop.DBus.Error.ServiceUnknown: The name org.freedesktop.Notifications was not provided by any .service files
[1.791s] DEBUG:colcon.colcon_core.event_reactor:joined thread
[1.816s] INFO:colcon.colcon_core.plugin_system:Skipping extension 'colcon_core.shell.bat': Not used on non-Windows systems
[1.817s] INFO:colcon.colcon_core.shell:Creating prefix script '/root/workspace/ros2/src/my_vins/install/local_setup.ps1'
[1.817s] INFO:colcon.colcon_core.shell:Creating prefix util module '/root/workspace/ros2/src/my_vins/install/_local_setup_util_ps1.py'
[1.818s] INFO:colcon.colcon_core.shell:Creating prefix chain script '/root/workspace/ros2/src/my_vins/install/setup.ps1'
[1.842s] INFO:colcon.colcon_core.shell:Creating prefix script '/root/workspace/ros2/src/my_vins/install/local_setup.sh'
[1.842s] INFO:colcon.colcon_core.shell:Creating prefix util module '/root/workspace/ros2/src/my_vins/install/_local_setup_util_sh.py'
[1.843s] INFO:colcon.colcon_core.shell:Creating prefix chain script '/root/workspace/ros2/src/my_vins/install/setup.sh'
[1.867s] INFO:colcon.colcon_core.shell:Creating prefix script '/root/workspace/ros2/src/my_vins/install/local_setup.bash'
[1.867s] INFO:colcon.colcon_core.shell:Creating prefix chain script '/root/workspace/ros2/src/my_vins/install/setup.bash'
[1.891s] INFO:colcon.colcon_core.shell:Creating prefix script '/root/workspace/ros2/src/my_vins/install/local_setup.zsh'
[1.891s] INFO:colcon.colcon_core.shell:Creating prefix chain script '/root/workspace/ros2/src/my_vins/install/setup.zsh'
